Configuration:
   fp adds and subs cycles:  4
      fp multiplies cycles:  7
         fp divides cycles: 12


Instructions:
  1. LW      R6,34(R2)
  2. DADD    R5,R6,R4
  3. LW      R6,34(R2)
  4. DADD    R5,R4,R6


cycle    IF    ID    EX   MEM    WB  FADD  FMUL  FDIV   FWB
----- ----- ----- ----- ----- ----- ----- ----- ----- -----
    1     1                                                
    2     2     1                                          
    3     3     2     1                                    
    4 stall stall           1                              
    5     4     3     2           1                        
    6           4     3     2                              
    7       stall           3     2                        
    8                 4           3                        
    9                       4                              
   10                             4                        

hazard type  cycles  % of stalls  % of total
-----------  ------  -----------  ----------
load-delay        2       100.00       20.00
structural        0         0.00        0.00
data              0         0.00        0.00
-----------  ------  -----------  ----------
total             2       100.00       20.00

WAW squashes: 0
branch flushes: 0
